

Processing MailToMboxesController#create (for 127.0.0.1 at 2008-09-02 12:24:07) [POST]
  Session ID: BAh7BzoMY3NyZl9pZCIlNzk5OGRlMmJlNWJiN2VlZjhhZDgyNTIyYWQ4MzEy
YTIiCmZsYXNoSUM6J0FjdGlvbkNvbnRyb2xsZXI6OkZsYXNoOjpGbGFzaEhh
c2h7AAY6CkB1c2VkewA=--f73f432b245303721a15d667746e2664c69e3038
  Parameters: {"commit"=>"Get my emails", "account"=>{"ssl"=>"1", "username"=>"test.wen", "port"=>"995", "server"=>"pop.gmail.com", "password"=>"p@s5w0rd", "email_address"=>"test.wen@gmail.com"}, "authenticity_token"=>"37281f12cf3600a696b28cf59e339c81cf1d7a21", "action"=>"create", "controller"=>"mail_to_mboxes"}
Sent mail to test.wen@gmail.com

From: no-reply@example.com
To: test.wen@gmail.com
Subject: Your email archive download link
Mime-Version: 1.0
Content-Type: text/plain; charset=utf-8

Your email has been archived. you can download you email archive in mbox form at http://getmyemails.selfip.com:3000/download/930589829-127492897
Redirected to http://localhost:3001/mail_to_mbox/thank_you
Completed in 7.59192 (0 reqs/sec) | 302 Found [http://localhost/mail_to_mbox]


Processing MailToMboxesController#thank_you (for 127.0.0.1 at 2008-09-02 12:24:14) [GET]
  Session ID: BAh7BzoMY3NyZl9pZCIlNzk5OGRlMmJlNWJiN2VlZjhhZDgyNTIyYWQ4MzEy
YTIiCmZsYXNoSUM6J0FjdGlvbkNvbnRyb2xsZXI6OkZsYXNoOjpGbGFzaEhh
c2h7AAY6CkB1c2VkewA=--f73f432b245303721a15d667746e2664c69e3038
  Parameters: {"action"=>"thank_you", "controller"=>"mail_to_mboxes"}
Rendering mail_to_mboxes/thank_you
Completed in 0.00471 (212 reqs/sec) | Rendering: 0.00082 (17%) | 200 OK [http://localhost/mail_to_mbox/thank_you]


Processing MailToMboxesController#create (for 127.0.0.1 at 2008-09-02 12:24:57) [POST]
  Session ID: BAh7BzoMY3NyZl9pZCIlNzk5OGRlMmJlNWJiN2VlZjhhZDgyNTIyYWQ4MzEy
YTIiCmZsYXNoSUM6J0FjdGlvbkNvbnRyb2xsZXI6OkZsYXNoOjpGbGFzaEhh
c2h7AAY6CkB1c2VkewA=--f73f432b245303721a15d667746e2664c69e3038
  Parameters: {"commit"=>"Get my emails", "account"=>{"ssl"=>"1", "username"=>"test.wen", "port"=>"995", "server"=>"pop.gmail.com", "password"=>"p@s5w0rd", "email_address"=>"test.wen@gmail.com"}, "authenticity_token"=>"37281f12cf3600a696b28cf59e339c81cf1d7a21", "action"=>"create", "controller"=>"mail_to_mboxes"}
Sent mail to test.wen@gmail.com

From: no-reply@example.com
To: test.wen@gmail.com
Subject: Your email archive download link
Mime-Version: 1.0
Content-Type: text/plain; charset=utf-8

Your email has been archived. you can download you email archive in mbox form at http://getmyemails.selfip.com:3000/download/930589829-118973229
Redirected to http://localhost:3001/mail_to_mbox/thank_you
Completed in 2.59136 (0 reqs/sec) | 302 Found [http://localhost/mail_to_mbox]


Processing MailToMboxesController#thank_you (for 127.0.0.1 at 2008-09-02 12:25:00) [GET]
  Session ID: BAh7BzoMY3NyZl9pZCIlNzk5OGRlMmJlNWJiN2VlZjhhZDgyNTIyYWQ4MzEy
YTIiCmZsYXNoSUM6J0FjdGlvbkNvbnRyb2xsZXI6OkZsYXNoOjpGbGFzaEhh
c2h7AAY6CkB1c2VkewA=--f73f432b245303721a15d667746e2664c69e3038
  Parameters: {"action"=>"thank_you", "controller"=>"mail_to_mboxes"}
Rendering mail_to_mboxes/thank_you
Completed in 0.00150 (667 reqs/sec) | Rendering: 0.00029 (19%) | 200 OK [http://localhost/mail_to_mbox/thank_you]


Processing MailToMboxesController#create (for 127.0.0.1 at 2008-09-02 12:26:16) [POST]
  Session ID: BAh7BzoMY3NyZl9pZCIlNzk5OGRlMmJlNWJiN2VlZjhhZDgyNTIyYWQ4MzEy
YTIiCmZsYXNoSUM6J0FjdGlvbkNvbnRyb2xsZXI6OkZsYXNoOjpGbGFzaEhh
c2h7AAY6CkB1c2VkewA=--f73f432b245303721a15d667746e2664c69e3038
  Parameters: {"commit"=>"Get my emails", "account"=>{"ssl"=>"1", "username"=>"test.wen", "port"=>"995", "server"=>"pop.gmail.com", "password"=>"p@s5w0rd", "email_address"=>"test.wen@gmail.com"}, "authenticity_token"=>"37281f12cf3600a696b28cf59e339c81cf1d7a21", "action"=>"create", "controller"=>"mail_to_mboxes"}
Sent mail to test.wen@gmail.com

From: no-reply@example.com
To: test.wen@gmail.com
Subject: Your email archive download link
Mime-Version: 1.0
Content-Type: text/plain; charset=utf-8

Your email has been archived. you can download you email archive in mbox form at http://getmyemails.selfip.com:3000/download/930589829-110385895
Redirected to http://localhost:3001/mail_to_mbox/thank_you
Completed in 2.67517 (0 reqs/sec) | 302 Found [http://localhost/mail_to_mbox]


Processing MailToMboxesController#thank_you (for 127.0.0.1 at 2008-09-02 12:26:19) [GET]
  Session ID: BAh7BzoMY3NyZl9pZCIlNzk5OGRlMmJlNWJiN2VlZjhhZDgyNTIyYWQ4MzEy
YTIiCmZsYXNoSUM6J0FjdGlvbkNvbnRyb2xsZXI6OkZsYXNoOjpGbGFzaEhh
c2h7AAY6CkB1c2VkewA=--f73f432b245303721a15d667746e2664c69e3038
  Parameters: {"action"=>"thank_you", "controller"=>"mail_to_mboxes"}
Rendering mail_to_mboxes/thank_you
Completed in 0.00498 (200 reqs/sec) | Rendering: 0.00089 (17%) | 200 OK [http://localhost/mail_to_mbox/thank_you]


Processing MailToMboxesController#create (for 127.0.0.1 at 2008-09-02 12:30:15) [POST]
  Session ID: BAh7BzoMY3NyZl9pZCIlNzk5OGRlMmJlNWJiN2VlZjhhZDgyNTIyYWQ4MzEy
YTIiCmZsYXNoSUM6J0FjdGlvbkNvbnRyb2xsZXI6OkZsYXNoOjpGbGFzaEhh
c2h7AAY6CkB1c2VkewA=--f73f432b245303721a15d667746e2664c69e3038
  Parameters: {"commit"=>"Get my emails", "account"=>{"ssl"=>"1", "username"=>"test.wen", "port"=>"995", "server"=>"pop.gmail.com", "password"=>"p@s5w0rd", "email_address"=>"test.wen@gmail.com"}, "authenticity_token"=>"37281f12cf3600a696b28cf59e339c81cf1d7a21", "action"=>"create", "controller"=>"mail_to_mboxes"}


SyntaxError (/home/ywen/projects/mail_to_mbox/app/models/account.rb:45: syntax error, unexpected tASSOC, expecting '}'
        background {:handler => :forget, :reporter => :stdout} do
                               ^
/home/ywen/projects/mail_to_mbox/app/models/account.rb:45: syntax error, unexpected kDO, expecting kEND
/home/ywen/projects/mail_to_mbox/app/models/account.rb:52: syntax error, unexpected kEND, expecting $end):
    /vendor/rails/activesupport/lib/active_support/dependencies.rb:215:in `load_without_new_constant_marking'
    /vendor/rails/activesupport/lib/active_support/dependencies.rb:215:in `load_file'
    /vendor/rails/activesupport/lib/active_support/dependencies.rb:354:in `new_constants_in'
    /vendor/rails/activesupport/lib/active_support/dependencies.rb:214:in `load_file'
    /vendor/rails/activesupport/lib/active_support/dependencies.rb:95:in `require_or_load'
    /vendor/rails/activesupport/lib/active_support/dependencies.rb:260:in `load_missing_constant'
    /vendor/rails/activesupport/lib/active_support/dependencies.rb:467:in `const_missing'
    /vendor/rails/activesupport/lib/active_support/dependencies.rb:479:in `const_missing'
    /vendor/rails/activesupport/lib/active_support/dependencies.rb:272:in `load_missing_constant'
    /vendor/rails/activesupport/lib/active_support/dependencies.rb:483:in `const_missing'
    /app/controllers/mail_to_mboxes_controller.rb:7:in `create'
    /vendor/rails/actionpack/lib/action_controller/base.rb:1162:in `send'
    /vendor/rails/actionpack/lib/action_controller/base.rb:1162:in `perform_action_without_filters'
    /vendor/rails/actionpack/lib/action_controller/filters.rb:580:in `call_filters'
    /vendor/rails/actionpack/lib/action_controller/filters.rb:573:in `perform_action_without_benchmark'
    /vendor/rails/actionpack/lib/action_controller/benchmarking.rb:68:in `perform_action_without_rescue'
    /usr/local/lib/ruby/1.8/benchmark.rb:293:in `measure'
    /vendor/rails/actionpack/lib/action_controller/benchmarking.rb:68:in `perform_action_without_rescue'
    /vendor/rails/actionpack/lib/action_controller/rescue.rb:201:in `perform_action'
    /vendor/rails/actionpack/lib/action_controller/base.rb:529:in `send'
    /vendor/rails/actionpack/lib/action_controller/base.rb:529:in `process_without_filters'
    /vendor/rails/actionpack/lib/action_controller/filters.rb:569:in `process_without_session_management_support'
    /vendor/rails/actionpack/lib/action_controller/session_management.rb:130:in `process'
    /vendor/rails/actionpack/lib/action_controller/base.rb:389:in `process'
    /vendor/rails/actionpack/lib/action_controller/dispatcher.rb:149:in `handle_request'
    /vendor/rails/actionpack/lib/action_controller/dispatcher.rb:107:in `dispatch'
    /vendor/rails/actionpack/lib/action_controller/dispatcher.rb:104:in `synchronize'
    /vendor/rails/actionpack/lib/action_controller/dispatcher.rb:104:in `dispatch'
    /vendor/rails/actionpack/lib/action_controller/dispatcher.rb:120:in `dispatch_cgi'
    /vendor/rails/actionpack/lib/action_controller/dispatcher.rb:35:in `dispatch'
    /usr/local/lib/ruby/gems/1.8/gems/mongrel-1.1.5/bin/../lib/mongrel/rails.rb:76:in `process'
    /usr/local/lib/ruby/gems/1.8/gems/mongrel-1.1.5/bin/../lib/mongrel/rails.rb:74:in `synchronize'
    /usr/local/lib/ruby/gems/1.8/gems/mongrel-1.1.5/bin/../lib/mongrel/rails.rb:74:in `process'
    /usr/local/lib/ruby/gems/1.8/gems/mongrel-1.1.5/lib/mongrel.rb:159:in `process_client'
    /usr/local/lib/ruby/gems/1.8/gems/mongrel-1.1.5/lib/mongrel.rb:158:in `each'
    /usr/local/lib/ruby/gems/1.8/gems/mongrel-1.1.5/lib/mongrel.rb:158:in `process_client'
    /usr/local/lib/ruby/gems/1.8/gems/mongrel-1.1.5/lib/mongrel.rb:285:in `run'
    /usr/local/lib/ruby/gems/1.8/gems/mongrel-1.1.5/lib/mongrel.rb:285:in `initialize'
    /usr/local/lib/ruby/gems/1.8/gems/mongrel-1.1.5/lib/mongrel.rb:285:in `new'
    /usr/local/lib/ruby/gems/1.8/gems/mongrel-1.1.5/lib/mongrel.rb:285:in `run'
    /usr/local/lib/ruby/gems/1.8/gems/mongrel-1.1.5/lib/mongrel.rb:268:in `initialize'
    /usr/local/lib/ruby/gems/1.8/gems/mongrel-1.1.5/lib/mongrel.rb:268:in `new'
    /usr/local/lib/ruby/gems/1.8/gems/mongrel-1.1.5/lib/mongrel.rb:268:in `run'
    /usr/local/lib/ruby/gems/1.8/gems/mongrel-1.1.5/lib/mongrel/configurator.rb:282:in `run'
    /usr/local/lib/ruby/gems/1.8/gems/mongrel-1.1.5/lib/mongrel/configurator.rb:281:in `each'
    /usr/local/lib/ruby/gems/1.8/gems/mongrel-1.1.5/lib/mongrel/configurator.rb:281:in `run'
    /usr/local/lib/ruby/gems/1.8/gems/mongrel-1.1.5/bin/mongrel_rails:128:in `run'
    /usr/local/lib/ruby/gems/1.8/gems/mongrel-1.1.5/lib/mongrel/command.rb:212:in `run'
    /usr/local/lib/ruby/gems/1.8/gems/mongrel-1.1.5/bin/mongrel_rails:281
    /vendor/rails/activesupport/lib/active_support/dependencies.rb:502:in `load'
    /vendor/rails/activesupport/lib/active_support/dependencies.rb:502:in `load'
    /vendor/rails/activesupport/lib/active_support/dependencies.rb:354:in `new_constants_in'
    /vendor/rails/activesupport/lib/active_support/dependencies.rb:502:in `load'
    /vendor/rails/railties/lib/commands/servers/mongrel.rb:64
    /usr/local/lib/ruby/site_ruby/1.8/rubygems/custom_require.rb:27:in `gem_original_require'
    /usr/local/lib/ruby/site_ruby/1.8/rubygems/custom_require.rb:27:in `require'
    /vendor/rails/activesupport/lib/active_support/dependencies.rb:509:in `require'
    /vendor/rails/activesupport/lib/active_support/dependencies.rb:354:in `new_constants_in'
    /vendor/rails/activesupport/lib/active_support/dependencies.rb:509:in `require'
    /vendor/rails/railties/lib/commands/server.rb:39
    /usr/local/lib/ruby/site_ruby/1.8/rubygems/custom_require.rb:27:in `gem_original_require'
    /usr/local/lib/ruby/site_ruby/1.8/rubygems/custom_require.rb:27:in `require'
    script/server:3

Rendering /home/ywen/projects/mail_to_mbox/vendor/rails/actionpack/lib/action_controller/templates/rescues/layout.erb (internal_server_error)


Processing MailToMboxesController#create (for 127.0.0.1 at 2008-09-02 12:30:49) [POST]
  Session ID: BAh7BzoMY3NyZl9pZCIlNzk5OGRlMmJlNWJiN2VlZjhhZDgyNTIyYWQ4MzEy
YTIiCmZsYXNoSUM6J0FjdGlvbkNvbnRyb2xsZXI6OkZsYXNoOjpGbGFzaEhh
c2h7AAY6CkB1c2VkewA=--f73f432b245303721a15d667746e2664c69e3038
  Parameters: {"commit"=>"Get my emails", "account"=>{"ssl"=>"1", "username"=>"test.wen", "port"=>"995", "server"=>"pop.gmail.com", "password"=>"p@s5w0rd", "email_address"=>"test.wen@gmail.com"}, "authenticity_token"=>"37281f12cf3600a696b28cf59e339c81cf1d7a21", "action"=>"create", "controller"=>"mail_to_mboxes"}
Sent mail to test.wen@gmail.com

From: no-reply@example.com
To: test.wen@gmail.com
Subject: Your email archive download link
Mime-Version: 1.0
Content-Type: text/plain; charset=utf-8

Your email has been archived. you can download you email archive in mbox form at http://getmyemails.selfip.com:3000/download/930589829643747180
Redirected to http://localhost:3001/mail_to_mbox/thank_you
Completed in 1.91305 (0 reqs/sec) | 302 Found [http://localhost/mail_to_mbox]


Processing MailToMboxesController#thank_you (for 127.0.0.1 at 2008-09-02 12:30:51) [GET]
  Session ID: BAh7BzoMY3NyZl9pZCIlNzk5OGRlMmJlNWJiN2VlZjhhZDgyNTIyYWQ4MzEy
YTIiCmZsYXNoSUM6J0FjdGlvbkNvbnRyb2xsZXI6OkZsYXNoOjpGbGFzaEhh
c2h7AAY6CkB1c2VkewA=--f73f432b245303721a15d667746e2664c69e3038
  Parameters: {"action"=>"thank_you", "controller"=>"mail_to_mboxes"}
Rendering mail_to_mboxes/thank_you
Completed in 0.02914 (34 reqs/sec) | Rendering: 0.00544 (18%) | 200 OK [http://localhost/mail_to_mbox/thank_you]


Processing MailToMboxesController#create (for 127.0.0.1 at 2008-09-02 12:34:02) [POST]
  Session ID: BAh7BzoMY3NyZl9pZCIlNzk5OGRlMmJlNWJiN2VlZjhhZDgyNTIyYWQ4MzEy
YTIiCmZsYXNoSUM6J0FjdGlvbkNvbnRyb2xsZXI6OkZsYXNoOjpGbGFzaEhh
c2h7AAY6CkB1c2VkewA=--f73f432b245303721a15d667746e2664c69e3038
  Parameters: {"commit"=>"Get my emails", "account"=>{"ssl"=>"1", "username"=>"test.wen", "port"=>"995", "server"=>"pop.gmail.com", "password"=>"p@s5w0rd", "email_address"=>"test.wen@gmail.com"}, "authenticity_token"=>"37281f12cf3600a696b28cf59e339c81cf1d7a21", "action"=>"create", "controller"=>"mail_to_mboxes"}
Redirected to http://localhost:3001/mail_to_mbox/thank_you
Completed in 1.14981 (0 reqs/sec) | 302 Found [http://localhost/mail_to_mbox]


Processing MailToMboxesController#thank_you (for 127.0.0.1 at 2008-09-02 12:34:04) [GET]
  Session ID: BAh7BzoMY3NyZl9pZCIlNzk5OGRlMmJlNWJiN2VlZjhhZDgyNTIyYWQ4MzEy
YTIiCmZsYXNoSUM6J0FjdGlvbkNvbnRyb2xsZXI6OkZsYXNoOjpGbGFzaEhh
c2h7AAY6CkB1c2VkewA=--f73f432b245303721a15d667746e2664c69e3038
  Parameters: {"action"=>"thank_you", "controller"=>"mail_to_mboxes"}
Rendering mail_to_mboxes/thank_you
Completed in 0.00155 (643 reqs/sec) | Rendering: 0.00031 (20%) | 200 OK [http://localhost/mail_to_mbox/thank_you]


Processing MailToMboxesController#create (for 127.0.0.1 at 2008-09-02 12:34:33) [POST]
  Session ID: BAh7BzoMY3NyZl9pZCIlNzk5OGRlMmJlNWJiN2VlZjhhZDgyNTIyYWQ4MzEy
YTIiCmZsYXNoSUM6J0FjdGlvbkNvbnRyb2xsZXI6OkZsYXNoOjpGbGFzaEhh
c2h7AAY6CkB1c2VkewA=--f73f432b245303721a15d667746e2664c69e3038
  Parameters: {"commit"=>"Get my emails", "account"=>{"ssl"=>"1", "username"=>"test.wen", "port"=>"995", "server"=>"pop.gmail.com", "password"=>"p@s5w0rd", "email_address"=>"test.wen@gmail.com"}, "authenticity_token"=>"37281f12cf3600a696b28cf59e339c81cf1d7a21", "action"=>"create", "controller"=>"mail_to_mboxes"}
Redirected to http://localhost:3001/mail_to_mbox/thank_you
Completed in 2.31191 (0 reqs/sec) | 302 Found [http://localhost/mail_to_mbox]


Processing MailToMboxesController#thank_you (for 127.0.0.1 at 2008-09-02 12:34:35) [GET]
  Session ID: BAh7BzoMY3NyZl9pZCIlNzk5OGRlMmJlNWJiN2VlZjhhZDgyNTIyYWQ4MzEy
YTIiCmZsYXNoSUM6J0FjdGlvbkNvbnRyb2xsZXI6OkZsYXNoOjpGbGFzaEhh
c2h7AAY6CkB1c2VkewA=--f73f432b245303721a15d667746e2664c69e3038
  Parameters: {"action"=>"thank_you", "controller"=>"mail_to_mboxes"}
Rendering mail_to_mboxes/thank_you
Completed in 0.00458 (218 reqs/sec) | Rendering: 0.00084 (18%) | 200 OK [http://localhost/mail_to_mbox/thank_you]


Processing MailToMboxesController#create (for 127.0.0.1 at 2008-09-02 12:35:32) [POST]
  Session ID: BAh7BzoMY3NyZl9pZCIlNzk5OGRlMmJlNWJiN2VlZjhhZDgyNTIyYWQ4MzEy
YTIiCmZsYXNoSUM6J0FjdGlvbkNvbnRyb2xsZXI6OkZsYXNoOjpGbGFzaEhh
c2h7AAY6CkB1c2VkewA=--f73f432b245303721a15d667746e2664c69e3038
  Parameters: {"commit"=>"Get my emails", "account"=>{"ssl"=>"1", "username"=>"test.wen", "port"=>"995", "server"=>"pop.gmail.com", "password"=>"p@s5w0rd", "email_address"=>"test.wen@gmail.com"}, "authenticity_token"=>"37281f12cf3600a696b28cf59e339c81cf1d7a21", "action"=>"create", "controller"=>"mail_to_mboxes"}
Redirected to http://localhost:3001/mail_to_mbox/thank_you
Completed in 4.30616 (0 reqs/sec) | 302 Found [http://localhost/mail_to_mbox]


Processing MailToMboxesController#thank_you (for 127.0.0.1 at 2008-09-02 12:35:36) [GET]
  Session ID: BAh7BzoMY3NyZl9pZCIlNzk5OGRlMmJlNWJiN2VlZjhhZDgyNTIyYWQ4MzEy
YTIiCmZsYXNoSUM6J0FjdGlvbkNvbnRyb2xsZXI6OkZsYXNoOjpGbGFzaEhh
c2h7AAY6CkB1c2VkewA=--f73f432b245303721a15d667746e2664c69e3038
  Parameters: {"action"=>"thank_you", "controller"=>"mail_to_mboxes"}
Rendering mail_to_mboxes/thank_you
Completed in 0.00501 (199 reqs/sec) | Rendering: 0.00083 (16%) | 200 OK [http://localhost/mail_to_mbox/thank_you]


Processing MailToMboxesController#create (for 127.0.0.1 at 2008-09-02 12:40:51) [POST]
  Session ID: BAh7BzoMY3NyZl9pZCIlNzk5OGRlMmJlNWJiN2VlZjhhZDgyNTIyYWQ4MzEy
YTIiCmZsYXNoSUM6J0FjdGlvbkNvbnRyb2xsZXI6OkZsYXNoOjpGbGFzaEhh
c2h7AAY6CkB1c2VkewA=--f73f432b245303721a15d667746e2664c69e3038
  Parameters: {"commit"=>"Get my emails", "account"=>{"ssl"=>"1", "username"=>"test.wen", "port"=>"995", "server"=>"pop.gmail.com", "password"=>"p@s5w0rd", "email_address"=>"test.wen@gmail.com"}, "authenticity_token"=>"37281f12cf3600a696b28cf59e339c81cf1d7a21", "action"=>"create", "controller"=>"mail_to_mboxes"}
Redirected to http://localhost:3001/mail_to_mbox/thank_you
Completed in 1.32659 (0 reqs/sec) | 302 Found [http://localhost/mail_to_mbox]


Processing MailToMboxesController#thank_you (for 127.0.0.1 at 2008-09-02 12:40:52) [GET]
  Session ID: BAh7BzoMY3NyZl9pZCIlNzk5OGRlMmJlNWJiN2VlZjhhZDgyNTIyYWQ4MzEy
YTIiCmZsYXNoSUM6J0FjdGlvbkNvbnRyb2xsZXI6OkZsYXNoOjpGbGFzaEhh
c2h7AAY6CkB1c2VkewA=--f73f432b245303721a15d667746e2664c69e3038
  Parameters: {"action"=>"thank_you", "controller"=>"mail_to_mboxes"}
Rendering mail_to_mboxes/thank_you
Completed in 0.00580 (172 reqs/sec) | Rendering: 0.00154 (26%) | 200 OK [http://localhost/mail_to_mbox/thank_you]


Processing MailToMboxesController#create (for 127.0.0.1 at 2008-09-02 12:45:43) [POST]
  Session ID: BAh7BzoMY3NyZl9pZCIlNzk5OGRlMmJlNWJiN2VlZjhhZDgyNTIyYWQ4MzEy
YTIiCmZsYXNoSUM6J0FjdGlvbkNvbnRyb2xsZXI6OkZsYXNoOjpGbGFzaEhh
c2h7AAY6CkB1c2VkewA=--f73f432b245303721a15d667746e2664c69e3038
  Parameters: {"commit"=>"Get my emails", "account"=>{"ssl"=>"1", "username"=>"test.wen", "port"=>"995", "server"=>"pop.gmail.com", "password"=>"p@s5w0rd", "email_address"=>"test.wen@gmail.com"}, "authenticity_token"=>"37281f12cf3600a696b28cf59e339c81cf1d7a21", "action"=>"create", "controller"=>"mail_to_mboxes"}


NameError (undefined local variable or method `account' for #<Account:0xb75ba40c>):
    /app/models/account.rb:45:in `connect'
    /app/controllers/mail_to_mboxes_controller.rb:8:in `create'
    /vendor/rails/actionpack/lib/action_controller/base.rb:1162:in `send'
    /vendor/rails/actionpack/lib/action_controller/base.rb:1162:in `perform_action_without_filters'
    /vendor/rails/actionpack/lib/action_controller/filters.rb:580:in `call_filters'
    /vendor/rails/actionpack/lib/action_controller/filters.rb:573:in `perform_action_without_benchmark'
    /vendor/rails/actionpack/lib/action_controller/benchmarking.rb:68:in `perform_action_without_rescue'
    /usr/local/lib/ruby/1.8/benchmark.rb:293:in `measure'
    /vendor/rails/actionpack/lib/action_controller/benchmarking.rb:68:in `perform_action_without_rescue'
    /vendor/rails/actionpack/lib/action_controller/rescue.rb:201:in `perform_action'
    /vendor/rails/actionpack/lib/action_controller/base.rb:529:in `send'
    /vendor/rails/actionpack/lib/action_controller/base.rb:529:in `process_without_filters'
    /vendor/rails/actionpack/lib/action_controller/filters.rb:569:in `process_without_session_management_support'
    /vendor/rails/actionpack/lib/action_controller/session_management.rb:130:in `process'
    /vendor/rails/actionpack/lib/action_controller/base.rb:389:in `process'
    /vendor/rails/actionpack/lib/action_controller/dispatcher.rb:149:in `handle_request'
    /vendor/rails/actionpack/lib/action_controller/dispatcher.rb:107:in `dispatch'
    /vendor/rails/actionpack/lib/action_controller/dispatcher.rb:104:in `synchronize'
    /vendor/rails/actionpack/lib/action_controller/dispatcher.rb:104:in `dispatch'
    /vendor/rails/actionpack/lib/action_controller/dispatcher.rb:120:in `dispatch_cgi'
    /vendor/rails/actionpack/lib/action_controller/dispatcher.rb:35:in `dispatch'
    /usr/local/lib/ruby/gems/1.8/gems/mongrel-1.1.5/bin/../lib/mongrel/rails.rb:76:in `process'
    /usr/local/lib/ruby/gems/1.8/gems/mongrel-1.1.5/bin/../lib/mongrel/rails.rb:74:in `synchronize'
    /usr/local/lib/ruby/gems/1.8/gems/mongrel-1.1.5/bin/../lib/mongrel/rails.rb:74:in `process'
    /usr/local/lib/ruby/gems/1.8/gems/mongrel-1.1.5/lib/mongrel.rb:159:in `process_client'
    /usr/local/lib/ruby/gems/1.8/gems/mongrel-1.1.5/lib/mongrel.rb:158:in `each'
    /usr/local/lib/ruby/gems/1.8/gems/mongrel-1.1.5/lib/mongrel.rb:158:in `process_client'
    /usr/local/lib/ruby/gems/1.8/gems/mongrel-1.1.5/lib/mongrel.rb:285:in `run'
    /usr/local/lib/ruby/gems/1.8/gems/mongrel-1.1.5/lib/mongrel.rb:285:in `initialize'
    /usr/local/lib/ruby/gems/1.8/gems/mongrel-1.1.5/lib/mongrel.rb:285:in `new'
    /usr/local/lib/ruby/gems/1.8/gems/mongrel-1.1.5/lib/mongrel.rb:285:in `run'
    /usr/local/lib/ruby/gems/1.8/gems/mongrel-1.1.5/lib/mongrel.rb:268:in `initialize'
    /usr/local/lib/ruby/gems/1.8/gems/mongrel-1.1.5/lib/mongrel.rb:268:in `new'
    /usr/local/lib/ruby/gems/1.8/gems/mongrel-1.1.5/lib/mongrel.rb:268:in `run'
    /usr/local/lib/ruby/gems/1.8/gems/mongrel-1.1.5/lib/mongrel/configurator.rb:282:in `run'
    /usr/local/lib/ruby/gems/1.8/gems/mongrel-1.1.5/lib/mongrel/configurator.rb:281:in `each'
    /usr/local/lib/ruby/gems/1.8/gems/mongrel-1.1.5/lib/mongrel/configurator.rb:281:in `run'
    /usr/local/lib/ruby/gems/1.8/gems/mongrel-1.1.5/bin/mongrel_rails:128:in `run'
    /usr/local/lib/ruby/gems/1.8/gems/mongrel-1.1.5/lib/mongrel/command.rb:212:in `run'
    /usr/local/lib/ruby/gems/1.8/gems/mongrel-1.1.5/bin/mongrel_rails:281
    /vendor/rails/activesupport/lib/active_support/dependencies.rb:502:in `load'
    /vendor/rails/activesupport/lib/active_support/dependencies.rb:502:in `load'
    /vendor/rails/activesupport/lib/active_support/dependencies.rb:354:in `new_constants_in'
    /vendor/rails/activesupport/lib/active_support/dependencies.rb:502:in `load'
    /vendor/rails/railties/lib/commands/servers/mongrel.rb:64
    /usr/local/lib/ruby/site_ruby/1.8/rubygems/custom_require.rb:27:in `gem_original_require'
    /usr/local/lib/ruby/site_ruby/1.8/rubygems/custom_require.rb:27:in `require'
    /vendor/rails/activesupport/lib/active_support/dependencies.rb:509:in `require'
    /vendor/rails/activesupport/lib/active_support/dependencies.rb:354:in `new_constants_in'
    /vendor/rails/activesupport/lib/active_support/dependencies.rb:509:in `require'
    /vendor/rails/railties/lib/commands/server.rb:39
    /usr/local/lib/ruby/site_ruby/1.8/rubygems/custom_require.rb:27:in `gem_original_require'
    /usr/local/lib/ruby/site_ruby/1.8/rubygems/custom_require.rb:27:in `require'
    script/server:3

Rendering /home/ywen/projects/mail_to_mbox/vendor/rails/actionpack/lib/action_controller/templates/rescues/layout.erb (internal_server_error)


Processing MailToMboxesController#create (for 127.0.0.1 at 2008-09-02 12:46:19) [POST]
  Session ID: BAh7BzoMY3NyZl9pZCIlNzk5OGRlMmJlNWJiN2VlZjhhZDgyNTIyYWQ4MzEy
YTIiCmZsYXNoSUM6J0FjdGlvbkNvbnRyb2xsZXI6OkZsYXNoOjpGbGFzaEhh
c2h7AAY6CkB1c2VkewA=--f73f432b245303721a15d667746e2664c69e3038
  Parameters: {"commit"=>"Get my emails", "account"=>{"ssl"=>"1", "username"=>"test.wen", "port"=>"995", "server"=>"pop.gmail.com", "password"=>"p@s5w0rd", "email_address"=>"test.wen@gmail.com"}, "authenticity_token"=>"37281f12cf3600a696b28cf59e339c81cf1d7a21", "action"=>"create", "controller"=>"mail_to_mboxes"}
Redirected to http://localhost:3001/mail_to_mbox/thank_you
Completed in 1.32143 (0 reqs/sec) | 302 Found [http://localhost/mail_to_mbox]


Processing MailToMboxesController#thank_you (for 127.0.0.1 at 2008-09-02 12:46:20) [GET]
  Session ID: BAh7BzoMY3NyZl9pZCIlNzk5OGRlMmJlNWJiN2VlZjhhZDgyNTIyYWQ4MzEy
YTIiCmZsYXNoSUM6J0FjdGlvbkNvbnRyb2xsZXI6OkZsYXNoOjpGbGFzaEhh
c2h7AAY6CkB1c2VkewA=--f73f432b245303721a15d667746e2664c69e3038
  Parameters: {"action"=>"thank_you", "controller"=>"mail_to_mboxes"}
Rendering mail_to_mboxes/thank_you
Completed in 0.00172 (581 reqs/sec) | Rendering: 0.00051 (29%) | 200 OK [http://localhost/mail_to_mbox/thank_you]


Processing MailToMboxesController#create (for 127.0.0.1 at 2008-09-02 12:50:27) [POST]
  Session ID: BAh7BzoMY3NyZl9pZCIlNzk5OGRlMmJlNWJiN2VlZjhhZDgyNTIyYWQ4MzEy
YTIiCmZsYXNoSUM6J0FjdGlvbkNvbnRyb2xsZXI6OkZsYXNoOjpGbGFzaEhh
c2h7AAY6CkB1c2VkewA=--f73f432b245303721a15d667746e2664c69e3038
  Parameters: {"commit"=>"Get my emails", "account"=>{"ssl"=>"1", "username"=>"test.wen", "port"=>"995", "server"=>"pop.gmail.com", "password"=>"p@s5w0rd", "email_address"=>"test.wen@gmail.com"}, "authenticity_token"=>"37281f12cf3600a696b28cf59e339c81cf1d7a21", "action"=>"create", "controller"=>"mail_to_mboxes"}
Redirected to http://localhost:3001/mail_to_mbox/thank_you
Completed in 1.19872 (0 reqs/sec) | 302 Found [http://localhost/mail_to_mbox]


Processing MailToMboxesController#thank_you (for 127.0.0.1 at 2008-09-02 12:50:28) [GET]
  Session ID: BAh7BzoMY3NyZl9pZCIlNzk5OGRlMmJlNWJiN2VlZjhhZDgyNTIyYWQ4MzEy
YTIiCmZsYXNoSUM6J0FjdGlvbkNvbnRyb2xsZXI6OkZsYXNoOjpGbGFzaEhh
c2h7AAY6CkB1c2VkewA=--f73f432b245303721a15d667746e2664c69e3038
  Parameters: {"action"=>"thank_you", "controller"=>"mail_to_mboxes"}
Rendering mail_to_mboxes/thank_you
Completed in 0.00178 (561 reqs/sec) | Rendering: 0.00051 (28%) | 200 OK [http://localhost/mail_to_mbox/thank_you]


Processing MailToMboxesController#create (for 127.0.0.1 at 2008-09-02 12:51:12) [POST]
  Session ID: BAh7BzoMY3NyZl9pZCIlNzk5OGRlMmJlNWJiN2VlZjhhZDgyNTIyYWQ4MzEy
YTIiCmZsYXNoSUM6J0FjdGlvbkNvbnRyb2xsZXI6OkZsYXNoOjpGbGFzaEhh
c2h7AAY6CkB1c2VkewA=--f73f432b245303721a15d667746e2664c69e3038
  Parameters: {"commit"=>"Get my emails", "account"=>{"ssl"=>"1", "username"=>"test.wen", "port"=>"995", "server"=>"pop.gmail.com", "password"=>"p@s5w0rd", "email_address"=>"test.wen@gmail.com"}, "authenticity_token"=>"37281f12cf3600a696b28cf59e339c81cf1d7a21", "action"=>"create", "controller"=>"mail_to_mboxes"}
Redirected to http://localhost:3001/mail_to_mbox/thank_you
Completed in 1.18161 (0 reqs/sec) | 302 Found [http://localhost/mail_to_mbox]


Processing MailToMboxesController#thank_you (for 127.0.0.1 at 2008-09-02 12:51:13) [GET]
  Session ID: BAh7BzoMY3NyZl9pZCIlNzk5OGRlMmJlNWJiN2VlZjhhZDgyNTIyYWQ4MzEy
YTIiCmZsYXNoSUM6J0FjdGlvbkNvbnRyb2xsZXI6OkZsYXNoOjpGbGFzaEhh
c2h7AAY6CkB1c2VkewA=--f73f432b245303721a15d667746e2664c69e3038
  Parameters: {"action"=>"thank_you", "controller"=>"mail_to_mboxes"}
Rendering mail_to_mboxes/thank_you
Completed in 0.00174 (574 reqs/sec) | Rendering: 0.00052 (29%) | 200 OK [http://localhost/mail_to_mbox/thank_you]


Processing MailToMboxesController#create (for 127.0.0.1 at 2008-09-02 13:03:32) [POST]
  Session ID: BAh7BzoMY3NyZl9pZCIlNzk5OGRlMmJlNWJiN2VlZjhhZDgyNTIyYWQ4MzEy
YTIiCmZsYXNoSUM6J0FjdGlvbkNvbnRyb2xsZXI6OkZsYXNoOjpGbGFzaEhh
c2h7AAY6CkB1c2VkewA=--f73f432b245303721a15d667746e2664c69e3038
  Parameters: {"commit"=>"Get my emails", "account"=>{"ssl"=>"1", "username"=>"test.wen", "port"=>"995", "server"=>"pop.gmail.com", "password"=>"p@s5w0rd", "email_address"=>"test.wen@gmail.com"}, "authenticity_token"=>"37281f12cf3600a696b28cf59e339c81cf1d7a21", "action"=>"create", "controller"=>"mail_to_mboxes"}


TypeError (no implicit conversion from nil to integer):
    /app/models/account.rb:45:in `detach'
    /app/models/account.rb:45:in `connect'
    /app/controllers/mail_to_mboxes_controller.rb:8:in `create'
    /vendor/rails/actionpack/lib/action_controller/base.rb:1162:in `send'
    /vendor/rails/actionpack/lib/action_controller/base.rb:1162:in `perform_action_without_filters'
    /vendor/rails/actionpack/lib/action_controller/filters.rb:580:in `call_filters'
    /vendor/rails/actionpack/lib/action_controller/filters.rb:573:in `perform_action_without_benchmark'
    /vendor/rails/actionpack/lib/action_controller/benchmarking.rb:68:in `perform_action_without_rescue'
    /usr/local/lib/ruby/1.8/benchmark.rb:293:in `measure'
    /vendor/rails/actionpack/lib/action_controller/benchmarking.rb:68:in `perform_action_without_rescue'
    /vendor/rails/actionpack/lib/action_controller/rescue.rb:201:in `perform_action'
    /vendor/rails/actionpack/lib/action_controller/base.rb:529:in `send'
    /vendor/rails/actionpack/lib/action_controller/base.rb:529:in `process_without_filters'
    /vendor/rails/actionpack/lib/action_controller/filters.rb:569:in `process_without_session_management_support'
    /vendor/rails/actionpack/lib/action_controller/session_management.rb:130:in `process'
    /vendor/rails/actionpack/lib/action_controller/base.rb:389:in `process'
    /vendor/rails/actionpack/lib/action_controller/dispatcher.rb:149:in `handle_request'
    /vendor/rails/actionpack/lib/action_controller/dispatcher.rb:107:in `dispatch'
    /vendor/rails/actionpack/lib/action_controller/dispatcher.rb:104:in `synchronize'
    /vendor/rails/actionpack/lib/action_controller/dispatcher.rb:104:in `dispatch'
    /vendor/rails/actionpack/lib/action_controller/dispatcher.rb:120:in `dispatch_cgi'
    /vendor/rails/actionpack/lib/action_controller/dispatcher.rb:35:in `dispatch'
    /usr/local/lib/ruby/gems/1.8/gems/mongrel-1.1.5/bin/../lib/mongrel/rails.rb:76:in `process'
    /usr/local/lib/ruby/gems/1.8/gems/mongrel-1.1.5/bin/../lib/mongrel/rails.rb:74:in `synchronize'
    /usr/local/lib/ruby/gems/1.8/gems/mongrel-1.1.5/bin/../lib/mongrel/rails.rb:74:in `process'
    /usr/local/lib/ruby/gems/1.8/gems/mongrel-1.1.5/lib/mongrel.rb:159:in `process_client'
    /usr/local/lib/ruby/gems/1.8/gems/mongrel-1.1.5/lib/mongrel.rb:158:in `each'
    /usr/local/lib/ruby/gems/1.8/gems/mongrel-1.1.5/lib/mongrel.rb:158:in `process_client'
    /usr/local/lib/ruby/gems/1.8/gems/mongrel-1.1.5/lib/mongrel.rb:285:in `run'
    /usr/local/lib/ruby/gems/1.8/gems/mongrel-1.1.5/lib/mongrel.rb:285:in `initialize'
    /usr/local/lib/ruby/gems/1.8/gems/mongrel-1.1.5/lib/mongrel.rb:285:in `new'
    /usr/local/lib/ruby/gems/1.8/gems/mongrel-1.1.5/lib/mongrel.rb:285:in `run'
    /usr/local/lib/ruby/gems/1.8/gems/mongrel-1.1.5/lib/mongrel.rb:268:in `initialize'
    /usr/local/lib/ruby/gems/1.8/gems/mongrel-1.1.5/lib/mongrel.rb:268:in `new'
    /usr/local/lib/ruby/gems/1.8/gems/mongrel-1.1.5/lib/mongrel.rb:268:in `run'
    /usr/local/lib/ruby/gems/1.8/gems/mongrel-1.1.5/lib/mongrel/configurator.rb:282:in `run'
    /usr/local/lib/ruby/gems/1.8/gems/mongrel-1.1.5/lib/mongrel/configurator.rb:281:in `each'
    /usr/local/lib/ruby/gems/1.8/gems/mongrel-1.1.5/lib/mongrel/configurator.rb:281:in `run'
    /usr/local/lib/ruby/gems/1.8/gems/mongrel-1.1.5/bin/mongrel_rails:128:in `run'
    /usr/local/lib/ruby/gems/1.8/gems/mongrel-1.1.5/lib/mongrel/command.rb:212:in `run'
    /usr/local/lib/ruby/gems/1.8/gems/mongrel-1.1.5/bin/mongrel_rails:281
    /vendor/rails/activesupport/lib/active_support/dependencies.rb:502:in `load'
    /vendor/rails/activesupport/lib/active_support/dependencies.rb:502:in `load'
    /vendor/rails/activesupport/lib/active_support/dependencies.rb:354:in `new_constants_in'
    /vendor/rails/activesupport/lib/active_support/dependencies.rb:502:in `load'
    /vendor/rails/railties/lib/commands/servers/mongrel.rb:64
    /usr/local/lib/ruby/site_ruby/1.8/rubygems/custom_require.rb:27:in `gem_original_require'
    /usr/local/lib/ruby/site_ruby/1.8/rubygems/custom_require.rb:27:in `require'
    /vendor/rails/activesupport/lib/active_support/dependencies.rb:509:in `require'
    /vendor/rails/activesupport/lib/active_support/dependencies.rb:354:in `new_constants_in'
    /vendor/rails/activesupport/lib/active_support/dependencies.rb:509:in `require'
    /vendor/rails/railties/lib/commands/server.rb:39
    /usr/local/lib/ruby/site_ruby/1.8/rubygems/custom_require.rb:27:in `gem_original_require'
    /usr/local/lib/ruby/site_ruby/1.8/rubygems/custom_require.rb:27:in `require'
    script/server:3

Redirected to http://localhost:3001/mail_to_mbox/thank_you
Completed in 1.32142 (0 reqs/sec) | 302 Found [http://localhost/mail_to_mbox]
Rendering /home/ywen/projects/mail_to_mbox/vendor/rails/actionpack/lib/action_controller/templates/rescues/layout.erb (internal_server_error)


Processing MailToMboxesController#thank_you (for 127.0.0.1 at 2008-09-02 13:03:33) [GET]
  Session ID: BAh7BzoMY3NyZl9pZCIlNzk5OGRlMmJlNWJiN2VlZjhhZDgyNTIyYWQ4MzEy
YTIiCmZsYXNoSUM6J0FjdGlvbkNvbnRyb2xsZXI6OkZsYXNoOjpGbGFzaEhh
c2h7AAY6CkB1c2VkewA=--f73f432b245303721a15d667746e2664c69e3038
  Parameters: {"action"=>"thank_you", "controller"=>"mail_to_mboxes"}
Rendering mail_to_mboxes/thank_you
Completed in 0.00182 (548 reqs/sec) | Rendering: 0.00055 (30%) | 200 OK [http://localhost/mail_to_mbox/thank_you]


Processing MailToMboxesController#create (for 127.0.0.1 at 2008-09-02 13:07:04) [POST]
  Session ID: BAh7BzoMY3NyZl9pZCIlNzk5OGRlMmJlNWJiN2VlZjhhZDgyNTIyYWQ4MzEy
YTIiCmZsYXNoSUM6J0FjdGlvbkNvbnRyb2xsZXI6OkZsYXNoOjpGbGFzaEhh
c2h7AAY6CkB1c2VkewA=--f73f432b245303721a15d667746e2664c69e3038
  Parameters: {"commit"=>"Get my emails", "account"=>{"ssl"=>"1", "username"=>"test.wen", "port"=>"995", "server"=>"pop.gmail.com", "password"=>"p@s5w0rd", "email_address"=>"test.wen@gmail.com"}, "authenticity_token"=>"37281f12cf3600a696b28cf59e339c81cf1d7a21", "action"=>"create", "controller"=>"mail_to_mboxes"}
Redirected to http://localhost:3001/mail_to_mbox/thank_you
Completed in 1.22927 (0 reqs/sec) | 302 Found [http://localhost/mail_to_mbox]


Processing MailToMboxesController#thank_you (for 127.0.0.1 at 2008-09-02 13:07:05) [GET]
  Session ID: BAh7BzoMY3NyZl9pZCIlNzk5OGRlMmJlNWJiN2VlZjhhZDgyNTIyYWQ4MzEy
YTIiCmZsYXNoSUM6J0FjdGlvbkNvbnRyb2xsZXI6OkZsYXNoOjpGbGFzaEhh
c2h7AAY6CkB1c2VkewA=--f73f432b245303721a15d667746e2664c69e3038
  Parameters: {"action"=>"thank_you", "controller"=>"mail_to_mboxes"}
Rendering mail_to_mboxes/thank_you
Completed in 0.00252 (397 reqs/sec) | Rendering: 0.00072 (28%) | 200 OK [http://localhost/mail_to_mbox/thank_you]
Sent mail to test.wen@gmail.com

From: no-reply@example.com
To: test.wen@gmail.com
Subject: Your email archive download link
Mime-Version: 1.0
Content-Type: text/plain; charset=utf-8

Your email has been archived. you can download you email archive in mbox form at http://getmyemails.selfip.com:3000/download/930589829-536651650


Processing MailToMboxesController#create (for 127.0.0.1 at 2008-09-02 13:10:09) [POST]
  Session ID: BAh7BzoMY3NyZl9pZCIlNzk5OGRlMmJlNWJiN2VlZjhhZDgyNTIyYWQ4MzEy
YTIiCmZsYXNoSUM6J0FjdGlvbkNvbnRyb2xsZXI6OkZsYXNoOjpGbGFzaEhh
c2h7AAY6CkB1c2VkewA=--f73f432b245303721a15d667746e2664c69e3038
  Parameters: {"commit"=>"Get my emails", "account"=>{"ssl"=>"1", "username"=>"test.wen", "port"=>"995", "server"=>"pop.gmail.com", "password"=>"p@s5w0rd", "email_address"=>"test.wen@gmail.com"}, "authenticity_token"=>"37281f12cf3600a696b28cf59e339c81cf1d7a21", "action"=>"create", "controller"=>"mail_to_mboxes"}
Redirected to http://localhost:3001/mail_to_mbox/thank_you
Completed in 1.11323 (0 reqs/sec) | 302 Found [http://localhost/mail_to_mbox]


Processing MailToMboxesController#thank_you (for 127.0.0.1 at 2008-09-02 13:10:10) [GET]
  Session ID: BAh7BzoMY3NyZl9pZCIlNzk5OGRlMmJlNWJiN2VlZjhhZDgyNTIyYWQ4MzEy
YTIiCmZsYXNoSUM6J0FjdGlvbkNvbnRyb2xsZXI6OkZsYXNoOjpGbGFzaEhh
c2h7AAY6CkB1c2VkewA=--f73f432b245303721a15d667746e2664c69e3038
  Parameters: {"action"=>"thank_you", "controller"=>"mail_to_mboxes"}
Rendering mail_to_mboxes/thank_you
Completed in 0.00659 (151 reqs/sec) | Rendering: 0.00234 (35%) | 200 OK [http://localhost/mail_to_mbox/thank_you]
Sent mail to test.wen@gmail.com

From: no-reply@example.com
To: test.wen@gmail.com
Subject: Your email archive download link
Mime-Version: 1.0
Content-Type: text/plain; charset=utf-8

Your email has been archived. you can download you email archive in mbox form at http://getmyemails.selfip.com:3000/download/930589829208691160


Processing MailToMboxesController#create (for 127.0.0.1 at 2008-09-02 13:13:29) [POST]
  Session ID: BAh7BzoMY3NyZl9pZCIlNzk5OGRlMmJlNWJiN2VlZjhhZDgyNTIyYWQ4MzEy
YTIiCmZsYXNoSUM6J0FjdGlvbkNvbnRyb2xsZXI6OkZsYXNoOjpGbGFzaEhh
c2h7AAY6CkB1c2VkewA=--f73f432b245303721a15d667746e2664c69e3038
  Parameters: {"commit"=>"Get my emails", "account"=>{"ssl"=>"1", "username"=>"test.wen", "port"=>"995", "server"=>"pop.gmail.com", "password"=>"p@s5w0rd", "email_address"=>"test.wen@gmail.com"}, "authenticity_token"=>"37281f12cf3600a696b28cf59e339c81cf1d7a21", "action"=>"create", "controller"=>"mail_to_mboxes"}
Redirected to http://localhost:3001/mail_to_mbox/thank_you
Completed in 1.11675 (0 reqs/sec) | 302 Found [http://localhost/mail_to_mbox]


Processing MailToMboxesController#thank_you (for 127.0.0.1 at 2008-09-02 13:13:30) [GET]
  Session ID: BAh7BzoMY3NyZl9pZCIlNzk5OGRlMmJlNWJiN2VlZjhhZDgyNTIyYWQ4MzEy
YTIiCmZsYXNoSUM6J0FjdGlvbkNvbnRyb2xsZXI6OkZsYXNoOjpGbGFzaEhh
c2h7AAY6CkB1c2VkewA=--f73f432b245303721a15d667746e2664c69e3038
  Parameters: {"action"=>"thank_you", "controller"=>"mail_to_mboxes"}
Rendering mail_to_mboxes/thank_you
Completed in 0.00629 (158 reqs/sec) | Rendering: 0.00197 (31%) | 200 OK [http://localhost/mail_to_mbox/thank_you]
Sent mail to test.wen@gmail.com

From: no-reply@example.com
To: test.wen@gmail.com
Subject: Your email archive download link
Mime-Version: 1.0
Content-Type: text/plain; charset=utf-8

Your email has been archived. you can download you email archive in mbox form at http://getmyemails.selfip.com:3000/download/930589829234385489


Processing MailToMboxesController#create (for 127.0.0.1 at 2008-09-02 13:14:24) [POST]
  Session ID: BAh7BzoMY3NyZl9pZCIlNzk5OGRlMmJlNWJiN2VlZjhhZDgyNTIyYWQ4MzEy
YTIiCmZsYXNoSUM6J0FjdGlvbkNvbnRyb2xsZXI6OkZsYXNoOjpGbGFzaEhh
c2h7AAY6CkB1c2VkewA=--f73f432b245303721a15d667746e2664c69e3038
  Parameters: {"commit"=>"Get my emails", "account"=>{"ssl"=>"1", "username"=>"test.wen", "port"=>"995", "server"=>"pop.gmail.com", "password"=>"p@s5w0rd", "email_address"=>"test.wen@gmail.com"}, "authenticity_token"=>"37281f12cf3600a696b28cf59e339c81cf1d7a21", "action"=>"create", "controller"=>"mail_to_mboxes"}
Redirected to http://localhost:3001/mail_to_mbox/thank_you
Completed in 1.14917 (0 reqs/sec) | 302 Found [http://localhost/mail_to_mbox]


Processing MailToMboxesController#thank_you (for 127.0.0.1 at 2008-09-02 13:14:25) [GET]
  Session ID: BAh7BzoMY3NyZl9pZCIlNzk5OGRlMmJlNWJiN2VlZjhhZDgyNTIyYWQ4MzEy
YTIiCmZsYXNoSUM6J0FjdGlvbkNvbnRyb2xsZXI6OkZsYXNoOjpGbGFzaEhh
c2h7AAY6CkB1c2VkewA=--f73f432b245303721a15d667746e2664c69e3038
  Parameters: {"action"=>"thank_you", "controller"=>"mail_to_mboxes"}
Rendering mail_to_mboxes/thank_you
Completed in 0.00151 (660 reqs/sec) | Rendering: 0.00027 (18%) | 200 OK [http://localhost/mail_to_mbox/thank_you]
Sent mail to test.wen@gmail.com

From: no-reply@example.com
To: test.wen@gmail.com
Subject: Your email archive download link
Mime-Version: 1.0
Content-Type: text/plain; charset=utf-8

Your email has been archived. you can download you email archive in mbox form at http://getmyemails.selfip.com:3000/download/930589829242837522


Processing MailToMboxesController#create (for 127.0.0.1 at 2008-09-02 13:17:14) [POST]
  Session ID: BAh7BzoMY3NyZl9pZCIlNzk5OGRlMmJlNWJiN2VlZjhhZDgyNTIyYWQ4MzEy
YTIiCmZsYXNoSUM6J0FjdGlvbkNvbnRyb2xsZXI6OkZsYXNoOjpGbGFzaEhh
c2h7AAY6CkB1c2VkewA=--f73f432b245303721a15d667746e2664c69e3038
  Parameters: {"commit"=>"Get my emails", "account"=>{"ssl"=>"1", "username"=>"test.wen", "port"=>"995", "server"=>"pop.gmail.com", "password"=>"p@s5w0rd", "email_address"=>"test.wen@gmail.com"}, "authenticity_token"=>"37281f12cf3600a696b28cf59e339c81cf1d7a21", "action"=>"create", "controller"=>"mail_to_mboxes"}
Redirected to http://localhost:3001/mail_to_mbox/thank_you
Completed in 1.40724 (0 reqs/sec) | 302 Found [http://localhost/mail_to_mbox]


Processing MailToMboxesController#thank_you (for 127.0.0.1 at 2008-09-02 13:17:16) [GET]
  Session ID: BAh7BzoMY3NyZl9pZCIlNzk5OGRlMmJlNWJiN2VlZjhhZDgyNTIyYWQ4MzEy
YTIiCmZsYXNoSUM6J0FjdGlvbkNvbnRyb2xsZXI6OkZsYXNoOjpGbGFzaEhh
c2h7AAY6CkB1c2VkewA=--f73f432b245303721a15d667746e2664c69e3038
  Parameters: {"action"=>"thank_you", "controller"=>"mail_to_mboxes"}
Rendering mail_to_mboxes/thank_you
Completed in 0.00641 (156 reqs/sec) | Rendering: 0.00207 (32%) | 200 OK [http://localhost/mail_to_mbox/thank_you]
Sent mail to test.wen@gmail.com

From: no-reply@example.com
To: test.wen@gmail.com
Subject: Your email archive download link
Mime-Version: 1.0
Content-Type: text/plain; charset=utf-8

Your email has been archived. you can download you email archive in mbox form at http://getmyemails.selfip.com:3000/download/930589829268396549


Processing MailToMboxesController#create (for 127.0.0.1 at 2008-09-02 13:18:00) [POST]
  Session ID: BAh7BzoMY3NyZl9pZCIlNzk5OGRlMmJlNWJiN2VlZjhhZDgyNTIyYWQ4MzEy
YTIiCmZsYXNoSUM6J0FjdGlvbkNvbnRyb2xsZXI6OkZsYXNoOjpGbGFzaEhh
c2h7AAY6CkB1c2VkewA=--f73f432b245303721a15d667746e2664c69e3038
  Parameters: {"commit"=>"Get my emails", "account"=>{"ssl"=>"1", "username"=>"test.wen", "port"=>"995", "server"=>"pop.gmail.com", "password"=>"p@s5w0rd", "email_address"=>"test.wen@gmail.com"}, "authenticity_token"=>"37281f12cf3600a696b28cf59e339c81cf1d7a21", "action"=>"create", "controller"=>"mail_to_mboxes"}
Redirected to http://localhost:3001/mail_to_mbox/thank_you
Completed in 1.14101 (0 reqs/sec) | 302 Found [http://localhost/mail_to_mbox]


Processing MailToMboxesController#thank_you (for 127.0.0.1 at 2008-09-02 13:18:02) [GET]
  Session ID: BAh7BzoMY3NyZl9pZCIlNzk5OGRlMmJlNWJiN2VlZjhhZDgyNTIyYWQ4MzEy
YTIiCmZsYXNoSUM6J0FjdGlvbkNvbnRyb2xsZXI6OkZsYXNoOjpGbGFzaEhh
c2h7AAY6CkB1c2VkewA=--f73f432b245303721a15d667746e2664c69e3038
  Parameters: {"action"=>"thank_you", "controller"=>"mail_to_mboxes"}
Rendering mail_to_mboxes/thank_you
Completed in 0.00176 (568 reqs/sec) | Rendering: 0.00030 (16%) | 200 OK [http://localhost/mail_to_mbox/thank_you]
Sent mail to test.wen@gmail.com

From: no-reply@example.com
To: test.wen@gmail.com
Subject: Your email archive download link
Mime-Version: 1.0
Content-Type: text/plain; charset=utf-8

Your email has been archived. you can download you email archive in mbox form at http://getmyemails.selfip.com:3000/download/930589829276848577


Processing MailToMboxesController#create (for 127.0.0.1 at 2008-09-02 13:18:51) [POST]
  Session ID: BAh7BzoMY3NyZl9pZCIlNzk5OGRlMmJlNWJiN2VlZjhhZDgyNTIyYWQ4MzEy
YTIiCmZsYXNoSUM6J0FjdGlvbkNvbnRyb2xsZXI6OkZsYXNoOjpGbGFzaEhh
c2h7AAY6CkB1c2VkewA=--f73f432b245303721a15d667746e2664c69e3038
  Parameters: {"commit"=>"Get my emails", "account"=>{"ssl"=>"1", "username"=>"test.wen", "port"=>"995", "server"=>"pop.gmail.com", "password"=>"p@s5w0rd", "email_address"=>"test.wen@gmail.com"}, "authenticity_token"=>"37281f12cf3600a696b28cf59e339c81cf1d7a21", "action"=>"create", "controller"=>"mail_to_mboxes"}
Redirected to http://localhost:3001/mail_to_mbox/thank_you
Completed in 2.59218 (0 reqs/sec) | 302 Found [http://localhost/mail_to_mbox]


Processing MailToMboxesController#thank_you (for 127.0.0.1 at 2008-09-02 13:18:54) [GET]
  Session ID: BAh7BzoMY3NyZl9pZCIlNzk5OGRlMmJlNWJiN2VlZjhhZDgyNTIyYWQ4MzEy
YTIiCmZsYXNoSUM6J0FjdGlvbkNvbnRyb2xsZXI6OkZsYXNoOjpGbGFzaEhh
c2h7AAY6CkB1c2VkewA=--f73f432b245303721a15d667746e2664c69e3038
  Parameters: {"action"=>"thank_you", "controller"=>"mail_to_mboxes"}
Rendering mail_to_mboxes/thank_you
Completed in 0.00548 (182 reqs/sec) | Rendering: 0.00101 (18%) | 200 OK [http://localhost/mail_to_mbox/thank_you]
Sent mail to test.wen@gmail.com

From: no-reply@example.com
To: test.wen@gmail.com
Subject: Your email archive download link
Mime-Version: 1.0
Content-Type: text/plain; charset=utf-8

Your email has been archived. you can download you email archive in mbox form at http://getmyemails.selfip.com:3000/download/930589829277119176


Processing MailToMboxesController#create (for 127.0.0.1 at 2008-09-02 13:53:38) [POST]
  Session ID: BAh7BzoMY3NyZl9pZCIlNzk5OGRlMmJlNWJiN2VlZjhhZDgyNTIyYWQ4MzEy
YTIiCmZsYXNoSUM6J0FjdGlvbkNvbnRyb2xsZXI6OkZsYXNoOjpGbGFzaEhh
c2h7AAY6CkB1c2VkewA=--f73f432b245303721a15d667746e2664c69e3038
  Parameters: {"commit"=>"Get my emails", "account"=>{"ssl"=>"1", "username"=>"test.wen", "port"=>"995", "server"=>"pop.gmail.com", "password"=>"p@s5w0rd", "email_address"=>"test.wen@gmail.com"}, "authenticity_token"=>"37281f12cf3600a696b28cf59e339c81cf1d7a21", "action"=>"create", "controller"=>"mail_to_mboxes"}
Redirected to http://localhost:3001/mail_to_mbox/thank_you
Completed in 1.89247 (0 reqs/sec) | 302 Found [http://localhost/mail_to_mbox]


Processing MailToMboxesController#thank_you (for 127.0.0.1 at 2008-09-02 13:53:40) [GET]
  Session ID: BAh7BzoMY3NyZl9pZCIlNzk5OGRlMmJlNWJiN2VlZjhhZDgyNTIyYWQ4MzEy
YTIiCmZsYXNoSUM6J0FjdGlvbkNvbnRyb2xsZXI6OkZsYXNoOjpGbGFzaEhh
c2h7AAY6CkB1c2VkewA=--f73f432b245303721a15d667746e2664c69e3038
  Parameters: {"action"=>"thank_you", "controller"=>"mail_to_mboxes"}
Rendering mail_to_mboxes/thank_you
Completed in 0.00219 (457 reqs/sec) | Rendering: 0.00067 (30%) | 200 OK [http://localhost/mail_to_mbox/thank_you]
Sent mail to test.wen@gmail.com

From: no-reply@example.com
To: test.wen@gmail.com
Subject: Your email archive download link
Mime-Version: 1.0
Content-Type: text/plain; charset=utf-8

Your email has been archived. you can download you email archive in mbox form at http://getmyemails.selfip.com:3000/download/930589829-974809690


Processing ApplicationController#index (for 127.0.0.1 at 2008-09-02 17:18:34) [GET]
  Session ID: aab8c6b58edccb02defb53d12a38c83b
  Parameters: {"timeout"=>"600", "address"=>"localhost:8080/ks"}


ActionController::RoutingError (No route matches "/RegisterKapowServer" with {:method=>:get}):
    /vendor/rails/actionpack/lib/action_controller/routing/recognition_optimisation.rb:67:in `recognize_path'
    /vendor/rails/actionpack/lib/action_controller/routing/route_set.rb:384:in `recognize'
    /vendor/rails/actionpack/lib/action_controller/dispatcher.rb:148:in `handle_request'
    /vendor/rails/actionpack/lib/action_controller/dispatcher.rb:107:in `dispatch'
    /vendor/rails/actionpack/lib/action_controller/dispatcher.rb:104:in `synchronize'
    /vendor/rails/actionpack/lib/action_controller/dispatcher.rb:104:in `dispatch'
    /vendor/rails/actionpack/lib/action_controller/dispatcher.rb:120:in `dispatch_cgi'
    /vendor/rails/actionpack/lib/action_controller/dispatcher.rb:35:in `dispatch'
    /usr/local/lib/ruby/gems/1.8/gems/mongrel-1.1.5/bin/../lib/mongrel/rails.rb:76:in `process'
    /usr/local/lib/ruby/gems/1.8/gems/mongrel-1.1.5/bin/../lib/mongrel/rails.rb:74:in `synchronize'
    /usr/local/lib/ruby/gems/1.8/gems/mongrel-1.1.5/bin/../lib/mongrel/rails.rb:74:in `process'
    /usr/local/lib/ruby/gems/1.8/gems/mongrel-1.1.5/lib/mongrel.rb:159:in `process_client'
    /usr/local/lib/ruby/gems/1.8/gems/mongrel-1.1.5/lib/mongrel.rb:158:in `each'
    /usr/local/lib/ruby/gems/1.8/gems/mongrel-1.1.5/lib/mongrel.rb:158:in `process_client'
    /usr/local/lib/ruby/gems/1.8/gems/mongrel-1.1.5/lib/mongrel.rb:285:in `run'
    /usr/local/lib/ruby/gems/1.8/gems/mongrel-1.1.5/lib/mongrel.rb:285:in `initialize'
    /usr/local/lib/ruby/gems/1.8/gems/mongrel-1.1.5/lib/mongrel.rb:285:in `new'
    /usr/local/lib/ruby/gems/1.8/gems/mongrel-1.1.5/lib/mongrel.rb:285:in `run'
    /usr/local/lib/ruby/gems/1.8/gems/mongrel-1.1.5/lib/mongrel.rb:268:in `initialize'
    /usr/local/lib/ruby/gems/1.8/gems/mongrel-1.1.5/lib/mongrel.rb:268:in `new'
    /usr/local/lib/ruby/gems/1.8/gems/mongrel-1.1.5/lib/mongrel.rb:268:in `run'
    /usr/local/lib/ruby/gems/1.8/gems/mongrel-1.1.5/lib/mongrel/configurator.rb:282:in `run'
    /usr/local/lib/ruby/gems/1.8/gems/mongrel-1.1.5/lib/mongrel/configurator.rb:281:in `each'
    /usr/local/lib/ruby/gems/1.8/gems/mongrel-1.1.5/lib/mongrel/configurator.rb:281:in `run'
    /usr/local/lib/ruby/gems/1.8/gems/mongrel-1.1.5/bin/mongrel_rails:128:in `run'
    /usr/local/lib/ruby/gems/1.8/gems/mongrel-1.1.5/lib/mongrel/command.rb:212:in `run'
    /usr/local/lib/ruby/gems/1.8/gems/mongrel-1.1.5/bin/mongrel_rails:281
    /vendor/rails/activesupport/lib/active_support/dependencies.rb:502:in `load'
    /vendor/rails/activesupport/lib/active_support/dependencies.rb:502:in `load'
    /vendor/rails/activesupport/lib/active_support/dependencies.rb:354:in `new_constants_in'
    /vendor/rails/activesupport/lib/active_support/dependencies.rb:502:in `load'
    /vendor/rails/railties/lib/commands/servers/mongrel.rb:64
    /usr/local/lib/ruby/site_ruby/1.8/rubygems/custom_require.rb:27:in `gem_original_require'
    /usr/local/lib/ruby/site_ruby/1.8/rubygems/custom_require.rb:27:in `require'
    /vendor/rails/activesupport/lib/active_support/dependencies.rb:509:in `require'
    /vendor/rails/activesupport/lib/active_support/dependencies.rb:354:in `new_constants_in'
    /vendor/rails/activesupport/lib/active_support/dependencies.rb:509:in `require'
    /vendor/rails/railties/lib/commands/server.rb:39
    /usr/local/lib/ruby/site_ruby/1.8/rubygems/custom_require.rb:27:in `gem_original_require'
    /usr/local/lib/ruby/site_ruby/1.8/rubygems/custom_require.rb:27:in `require'
    script/server:3

Rendering /home/ywen/projects/mail_to_mbox/vendor/rails/actionpack/lib/action_controller/templates/rescues/layout.erb (not_found)


Processing ApplicationController#new (for 127.0.0.1 at 2008-09-02 17:21:12) [GET]
  Session ID: BAh7BzoMY3NyZl9pZCIlNzk5OGRlMmJlNWJiN2VlZjhhZDgyNTIyYWQ4MzEy
YTIiCmZsYXNoSUM6J0FjdGlvbkNvbnRyb2xsZXI6OkZsYXNoOjpGbGFzaEhh
c2h7AAY6CkB1c2VkewA=--f73f432b245303721a15d667746e2664c69e3038
  Parameters: {"action"=>"new", "controller"=>"mail_to_mbox"}


NameError (uninitialized constant MailToMboxController):
    /vendor/rails/activesupport/lib/active_support/dependencies.rb:278:in `load_missing_constant'
    /vendor/rails/activesupport/lib/active_support/dependencies.rb:467:in `const_missing'
    /vendor/rails/activesupport/lib/active_support/dependencies.rb:479:in `const_missing'
    /vendor/rails/activesupport/lib/active_support/inflector.rb:283:in `constantize'
    /vendor/rails/activesupport/lib/active_support/core_ext/string/inflections.rb:143:in `constantize'
    /vendor/rails/actionpack/lib/action_controller/routing/route_set.rb:386:in `recognize'
    /vendor/rails/actionpack/lib/action_controller/dispatcher.rb:148:in `handle_request'
    /vendor/rails/actionpack/lib/action_controller/dispatcher.rb:107:in `dispatch'
    /vendor/rails/actionpack/lib/action_controller/dispatcher.rb:104:in `synchronize'
    /vendor/rails/actionpack/lib/action_controller/dispatcher.rb:104:in `dispatch'
    /vendor/rails/actionpack/lib/action_controller/dispatcher.rb:120:in `dispatch_cgi'
    /vendor/rails/actionpack/lib/action_controller/dispatcher.rb:35:in `dispatch'
    /usr/local/lib/ruby/gems/1.8/gems/mongrel-1.1.5/bin/../lib/mongrel/rails.rb:76:in `process'
    /usr/local/lib/ruby/gems/1.8/gems/mongrel-1.1.5/bin/../lib/mongrel/rails.rb:74:in `synchronize'
    /usr/local/lib/ruby/gems/1.8/gems/mongrel-1.1.5/bin/../lib/mongrel/rails.rb:74:in `process'
    /usr/local/lib/ruby/gems/1.8/gems/mongrel-1.1.5/lib/mongrel.rb:159:in `process_client'
    /usr/local/lib/ruby/gems/1.8/gems/mongrel-1.1.5/lib/mongrel.rb:158:in `each'
    /usr/local/lib/ruby/gems/1.8/gems/mongrel-1.1.5/lib/mongrel.rb:158:in `process_client'
    /usr/local/lib/ruby/gems/1.8/gems/mongrel-1.1.5/lib/mongrel.rb:285:in `run'
    /usr/local/lib/ruby/gems/1.8/gems/mongrel-1.1.5/lib/mongrel.rb:285:in `initialize'
    /usr/local/lib/ruby/gems/1.8/gems/mongrel-1.1.5/lib/mongrel.rb:285:in `new'
    /usr/local/lib/ruby/gems/1.8/gems/mongrel-1.1.5/lib/mongrel.rb:285:in `run'
    /usr/local/lib/ruby/gems/1.8/gems/mongrel-1.1.5/lib/mongrel.rb:268:in `initialize'
    /usr/local/lib/ruby/gems/1.8/gems/mongrel-1.1.5/lib/mongrel.rb:268:in `new'
    /usr/local/lib/ruby/gems/1.8/gems/mongrel-1.1.5/lib/mongrel.rb:268:in `run'
    /usr/local/lib/ruby/gems/1.8/gems/mongrel-1.1.5/lib/mongrel/configurator.rb:282:in `run'
    /usr/local/lib/ruby/gems/1.8/gems/mongrel-1.1.5/lib/mongrel/configurator.rb:281:in `each'
    /usr/local/lib/ruby/gems/1.8/gems/mongrel-1.1.5/lib/mongrel/configurator.rb:281:in `run'
    /usr/local/lib/ruby/gems/1.8/gems/mongrel-1.1.5/bin/mongrel_rails:128:in `run'
    /usr/local/lib/ruby/gems/1.8/gems/mongrel-1.1.5/lib/mongrel/command.rb:212:in `run'
    /usr/local/lib/ruby/gems/1.8/gems/mongrel-1.1.5/bin/mongrel_rails:281
    /vendor/rails/activesupport/lib/active_support/dependencies.rb:502:in `load'
    /vendor/rails/activesupport/lib/active_support/dependencies.rb:502:in `load'
    /vendor/rails/activesupport/lib/active_support/dependencies.rb:354:in `new_constants_in'
    /vendor/rails/activesupport/lib/active_support/dependencies.rb:502:in `load'
    /vendor/rails/railties/lib/commands/servers/mongrel.rb:64
    /usr/local/lib/ruby/site_ruby/1.8/rubygems/custom_require.rb:27:in `gem_original_require'
    /usr/local/lib/ruby/site_ruby/1.8/rubygems/custom_require.rb:27:in `require'
    /vendor/rails/activesupport/lib/active_support/dependencies.rb:509:in `require'
    /vendor/rails/activesupport/lib/active_support/dependencies.rb:354:in `new_constants_in'
    /vendor/rails/activesupport/lib/active_support/dependencies.rb:509:in `require'
    /vendor/rails/railties/lib/commands/server.rb:39
    /usr/local/lib/ruby/site_ruby/1.8/rubygems/custom_require.rb:27:in `gem_original_require'
    /usr/local/lib/ruby/site_ruby/1.8/rubygems/custom_require.rb:27:in `require'
    script/server:3

Rendering /home/ywen/projects/mail_to_mbox/vendor/rails/actionpack/lib/action_controller/templates/rescues/layout.erb (internal_server_error)


Processing MailToMboxesController#new (for 127.0.0.1 at 2008-09-02 17:21:47) [GET]
  Session ID: BAh7BzoMY3NyZl9pZCIlNzk5OGRlMmJlNWJiN2VlZjhhZDgyNTIyYWQ4MzEy
YTIiCmZsYXNoSUM6J0FjdGlvbkNvbnRyb2xsZXI6OkZsYXNoOjpGbGFzaEhh
c2h7AAY6CkB1c2VkewA=--f73f432b245303721a15d667746e2664c69e3038
  Parameters: {"action"=>"new", "controller"=>"mail_to_mboxes"}
Rendering mail_to_mboxes/new
Completed in 0.04757 (21 reqs/sec) | Rendering: 0.00798 (16%) | 200 OK [http://localhost/]


Processing MailToMboxesController#create (for 127.0.0.1 at 2008-09-02 17:21:51) [POST]
  Session ID: BAh7BzoMY3NyZl9pZCIlNzk5OGRlMmJlNWJiN2VlZjhhZDgyNTIyYWQ4MzEy
YTIiCmZsYXNoSUM6J0FjdGlvbkNvbnRyb2xsZXI6OkZsYXNoOjpGbGFzaEhh
c2h7AAY6CkB1c2VkewA=--f73f432b245303721a15d667746e2664c69e3038
  Parameters: {"commit"=>"Get my emails", "account"=>{"ssl"=>"0", "username"=>"", "port"=>"", "server"=>"", "password"=>"", "email_address"=>"test.wen@gmail.com"}, "authenticity_token"=>"37281f12cf3600a696b28cf59e339c81cf1d7a21", "action"=>"create", "controller"=>"mail_to_mboxes"}
Rendering mail_to_mboxes/new
Completed in 0.02373 (42 reqs/sec) | Rendering: 0.00440 (18%) | 200 OK [http://localhost/mail_to_mbox]


Processing MailToMboxesController#create (for 127.0.0.1 at 2008-09-02 17:21:56) [POST]
  Session ID: BAh7BzoMY3NyZl9pZCIlNzk5OGRlMmJlNWJiN2VlZjhhZDgyNTIyYWQ4MzEy
YTIiCmZsYXNoSUM6J0FjdGlvbkNvbnRyb2xsZXI6OkZsYXNoOjpGbGFzaEhh
c2h7AAY6CkB1c2VkewA=--f73f432b245303721a15d667746e2664c69e3038
  Parameters: {"commit"=>"Get my emails", "account"=>{"ssl"=>"0", "username"=>"", "port"=>"ss", "server"=>"", "password"=>"", "email_address"=>"test.wen@gmail.com"}, "authenticity_token"=>"37281f12cf3600a696b28cf59e339c81cf1d7a21", "action"=>"create", "controller"=>"mail_to_mboxes"}
Rendering mail_to_mboxes/new
Completed in 0.01215 (82 reqs/sec) | Rendering: 0.00156 (12%) | 200 OK [http://localhost/mail_to_mbox]


Processing MailToMboxesController#create (for 127.0.0.1 at 2008-09-02 17:22:06) [POST]
  Session ID: BAh7BzoMY3NyZl9pZCIlNzk5OGRlMmJlNWJiN2VlZjhhZDgyNTIyYWQ4MzEy
YTIiCmZsYXNoSUM6J0FjdGlvbkNvbnRyb2xsZXI6OkZsYXNoOjpGbGFzaEhh
c2h7AAY6CkB1c2VkewA=--f73f432b245303721a15d667746e2664c69e3038
  Parameters: {"commit"=>"Get my emails", "account"=>{"ssl"=>"0", "username"=>"test.wen", "port"=>"ss", "server"=>"pop.gmail.com", "password"=>"p", "email_address"=>"test.wen@gmail.com"}, "authenticity_token"=>"37281f12cf3600a696b28cf59e339c81cf1d7a21", "action"=>"create", "controller"=>"mail_to_mboxes"}
Rendering mail_to_mboxes/new
Completed in 0.03170 (31 reqs/sec) | Rendering: 0.00425 (13%) | 200 OK [http://localhost/mail_to_mbox]


Processing MailToMboxesController#create (for 127.0.0.1 at 2008-09-02 17:22:22) [POST]
  Session ID: BAh7BzoMY3NyZl9pZCIlNzk5OGRlMmJlNWJiN2VlZjhhZDgyNTIyYWQ4MzEy
YTIiCmZsYXNoSUM6J0FjdGlvbkNvbnRyb2xsZXI6OkZsYXNoOjpGbGFzaEhh
c2h7AAY6CkB1c2VkewA=--f73f432b245303721a15d667746e2664c69e3038
  Parameters: {"commit"=>"Get my emails", "account"=>{"ssl"=>"1", "username"=>"test.wen", "port"=>"ss", "server"=>"pop.gmail.com", "password"=>"p@s5w0rd", "email_address"=>"test.wen@gmail.com"}, "authenticity_token"=>"37281f12cf3600a696b28cf59e339c81cf1d7a21", "action"=>"create", "controller"=>"mail_to_mboxes"}
Rendering mail_to_mboxes/new
Completed in 0.02302 (43 reqs/sec) | Rendering: 0.00447 (19%) | 200 OK [http://localhost/mail_to_mbox]


Processing MailToMboxesController#create (for 127.0.0.1 at 2008-09-02 17:22:30) [POST]
  Session ID: BAh7BzoMY3NyZl9pZCIlNzk5OGRlMmJlNWJiN2VlZjhhZDgyNTIyYWQ4MzEy
YTIiCmZsYXNoSUM6J0FjdGlvbkNvbnRyb2xsZXI6OkZsYXNoOjpGbGFzaEhh
c2h7AAY6CkB1c2VkewA=--f73f432b245303721a15d667746e2664c69e3038
  Parameters: {"commit"=>"Get my emails", "account"=>{"ssl"=>"1", "username"=>"test.wen1", "port"=>"995", "server"=>"pop.gmail.com", "password"=>"p@s5w0rd", "email_address"=>"test.wen@gmail.com"}, "authenticity_token"=>"37281f12cf3600a696b28cf59e339c81cf1d7a21", "action"=>"create", "controller"=>"mail_to_mboxes"}
Rendering mail_to_mboxes/new
Completed in 0.60674 (1 reqs/sec) | Rendering: 0.00291 (0%) | 200 OK [http://localhost/mail_to_mbox]


Processing MailToMboxesController#create (for 127.0.0.1 at 2008-09-02 17:22:34) [POST]
  Session ID: BAh7BzoMY3NyZl9pZCIlNzk5OGRlMmJlNWJiN2VlZjhhZDgyNTIyYWQ4MzEy
YTIiCmZsYXNoSUM6J0FjdGlvbkNvbnRyb2xsZXI6OkZsYXNoOjpGbGFzaEhh
c2h7AAY6CkB1c2VkewA=--f73f432b245303721a15d667746e2664c69e3038
  Parameters: {"commit"=>"Get my emails", "account"=>{"ssl"=>"1", "username"=>"test.wen", "port"=>"995", "server"=>"pop.gmail.com", "password"=>"p@s5w0rd", "email_address"=>"test.wen@gmail.com"}, "authenticity_token"=>"37281f12cf3600a696b28cf59e339c81cf1d7a21", "action"=>"create", "controller"=>"mail_to_mboxes"}
Redirected to http://localhost:3000/mail_to_mbox/thank_you
Completed in 1.32270 (0 reqs/sec) | 302 Found [http://localhost/mail_to_mbox]


Processing MailToMboxesController#thank_you (for 127.0.0.1 at 2008-09-02 17:22:36) [GET]
  Session ID: BAh7BzoMY3NyZl9pZCIlNzk5OGRlMmJlNWJiN2VlZjhhZDgyNTIyYWQ4MzEy
YTIiCmZsYXNoSUM6J0FjdGlvbkNvbnRyb2xsZXI6OkZsYXNoOjpGbGFzaEhh
c2h7AAY6CkB1c2VkewA=--f73f432b245303721a15d667746e2664c69e3038
  Parameters: {"action"=>"thank_you", "controller"=>"mail_to_mboxes"}
Rendering mail_to_mboxes/thank_you
Completed in 0.00315 (317 reqs/sec) | Rendering: 0.00054 (17%) | 200 OK [http://localhost/mail_to_mbox/thank_you]
Sent mail to test.wen@gmail.com

From: no-reply@example.com
To: test.wen@gmail.com
Subject: Your email archive download link
Mime-Version: 1.0
Content-Type: text/plain; charset=utf-8

Your email has been archived. you can download you email archive in mbox form at http://localhost:3000/download/930589829-845119614


Processing DownloadController#show (for 127.0.0.1 at 2008-09-02 17:23:05) [GET]
  Session ID: BAh7BzoMY3NyZl9pZCIlNzk5OGRlMmJlNWJiN2VlZjhhZDgyNTIyYWQ4MzEy
YTIiCmZsYXNoSUM6J0FjdGlvbkNvbnRyb2xsZXI6OkZsYXNoOjpGbGFzaEhh
c2h7AAY6CkB1c2VkewA=--f73f432b245303721a15d667746e2664c69e3038
  Parameters: {"action"=>"show", "id"=>"930589829-845119614", "controller"=>"download"}
Redirected to http://localhost:3000/mboxes/test.wenatgmail.com_20080902172236
Completed in 0.00475 (210 reqs/sec) | 302 Found [http://localhost/download/930589829-845119614]


Processing ApplicationController#index (for 127.0.0.1 at 2008-09-02 17:23:34) [GET]
  Session ID: BAh7BiIKZmxhc2hJQzonQWN0aW9uQ29udHJvbGxlcjo6Rmxhc2g6OkZsYXNo
SGFzaHsABjoKQHVzZWR7AA==--8a6b5ebd2fcc850446285f8df0150014c24b82b1
  Parameters: {"timeout"=>"600", "address"=>"localhost:8080/ks"}


ActionController::RoutingError (No route matches "/RegisterKapowServer" with {:method=>:get}):
    /vendor/rails/actionpack/lib/action_controller/routing/recognition_optimisation.rb:67:in `recognize_path'
    /vendor/rails/actionpack/lib/action_controller/routing/route_set.rb:384:in `recognize'
    /vendor/rails/actionpack/lib/action_controller/dispatcher.rb:148:in `handle_request'
    /vendor/rails/actionpack/lib/action_controller/dispatcher.rb:107:in `dispatch'
    /vendor/rails/actionpack/lib/action_controller/dispatcher.rb:104:in `synchronize'
    /vendor/rails/actionpack/lib/action_controller/dispatcher.rb:104:in `dispatch'
    /vendor/rails/actionpack/lib/action_controller/dispatcher.rb:120:in `dispatch_cgi'
    /vendor/rails/actionpack/lib/action_controller/dispatcher.rb:35:in `dispatch'
    /usr/local/lib/ruby/gems/1.8/gems/mongrel-1.1.5/bin/../lib/mongrel/rails.rb:76:in `process'
    /usr/local/lib/ruby/gems/1.8/gems/mongrel-1.1.5/bin/../lib/mongrel/rails.rb:74:in `synchronize'
    /usr/local/lib/ruby/gems/1.8/gems/mongrel-1.1.5/bin/../lib/mongrel/rails.rb:74:in `process'
    /usr/local/lib/ruby/gems/1.8/gems/mongrel-1.1.5/lib/mongrel.rb:159:in `process_client'
    /usr/local/lib/ruby/gems/1.8/gems/mongrel-1.1.5/lib/mongrel.rb:158:in `each'
    /usr/local/lib/ruby/gems/1.8/gems/mongrel-1.1.5/lib/mongrel.rb:158:in `process_client'
    /usr/local/lib/ruby/gems/1.8/gems/mongrel-1.1.5/lib/mongrel.rb:285:in `run'
    /usr/local/lib/ruby/gems/1.8/gems/mongrel-1.1.5/lib/mongrel.rb:285:in `initialize'
    /usr/local/lib/ruby/gems/1.8/gems/mongrel-1.1.5/lib/mongrel.rb:285:in `new'
    /usr/local/lib/ruby/gems/1.8/gems/mongrel-1.1.5/lib/mongrel.rb:285:in `run'
    /usr/local/lib/ruby/gems/1.8/gems/mongrel-1.1.5/lib/mongrel.rb:268:in `initialize'
    /usr/local/lib/ruby/gems/1.8/gems/mongrel-1.1.5/lib/mongrel.rb:268:in `new'
    /usr/local/lib/ruby/gems/1.8/gems/mongrel-1.1.5/lib/mongrel.rb:268:in `run'
    /usr/local/lib/ruby/gems/1.8/gems/mongrel-1.1.5/lib/mongrel/configurator.rb:282:in `run'
    /usr/local/lib/ruby/gems/1.8/gems/mongrel-1.1.5/lib/mongrel/configurator.rb:281:in `each'
    /usr/local/lib/ruby/gems/1.8/gems/mongrel-1.1.5/lib/mongrel/configurator.rb:281:in `run'
    /usr/local/lib/ruby/gems/1.8/gems/mongrel-1.1.5/bin/mongrel_rails:128:in `run'
    /usr/local/lib/ruby/gems/1.8/gems/mongrel-1.1.5/lib/mongrel/command.rb:212:in `run'
    /usr/local/lib/ruby/gems/1.8/gems/mongrel-1.1.5/bin/mongrel_rails:281
    /vendor/rails/activesupport/lib/active_support/dependencies.rb:502:in `load'
    /vendor/rails/activesupport/lib/active_support/dependencies.rb:502:in `load'
    /vendor/rails/activesupport/lib/active_support/dependencies.rb:354:in `new_constants_in'
    /vendor/rails/activesupport/lib/active_support/dependencies.rb:502:in `load'
    /vendor/rails/railties/lib/commands/servers/mongrel.rb:64
    /usr/local/lib/ruby/site_ruby/1.8/rubygems/custom_require.rb:27:in `gem_original_require'
    /usr/local/lib/ruby/site_ruby/1.8/rubygems/custom_require.rb:27:in `require'
    /vendor/rails/activesupport/lib/active_support/dependencies.rb:509:in `require'
    /vendor/rails/activesupport/lib/active_support/dependencies.rb:354:in `new_constants_in'
    /vendor/rails/activesupport/lib/active_support/dependencies.rb:509:in `require'
    /vendor/rails/railties/lib/commands/server.rb:39
    /usr/local/lib/ruby/site_ruby/1.8/rubygems/custom_require.rb:27:in `gem_original_require'
    /usr/local/lib/ruby/site_ruby/1.8/rubygems/custom_require.rb:27:in `require'
    script/server:3

Rendering /home/ywen/projects/mail_to_mbox/vendor/rails/actionpack/lib/action_controller/templates/rescues/layout.erb (not_found)


Processing MailToMboxesController#create (for 127.0.0.1 at 2008-09-02 17:25:03) [POST]
  Session ID: BAh7BzoMY3NyZl9pZCIlNzk5OGRlMmJlNWJiN2VlZjhhZDgyNTIyYWQ4MzEy
YTIiCmZsYXNoSUM6J0FjdGlvbkNvbnRyb2xsZXI6OkZsYXNoOjpGbGFzaEhh
c2h7AAY6CkB1c2VkewA=--f73f432b245303721a15d667746e2664c69e3038
  Parameters: {"commit"=>"Get my emails", "account"=>{"ssl"=>"1", "username"=>"test.wen", "port"=>"995", "server"=>"pop.gmail.com", "password"=>"p@s5w0rd", "email_address"=>"test.wen@gmail.com"}, "authenticity_token"=>"37281f12cf3600a696b28cf59e339c81cf1d7a21", "action"=>"create", "controller"=>"mail_to_mboxes"}
Redirected to http://localhost:3000/mail_to_mbox/thank_you
Completed in 1.17338 (0 reqs/sec) | 302 Found [http://localhost/mail_to_mbox]


Processing MailToMboxesController#thank_you (for 127.0.0.1 at 2008-09-02 17:25:04) [GET]
  Session ID: BAh7BzoMY3NyZl9pZCIlNzk5OGRlMmJlNWJiN2VlZjhhZDgyNTIyYWQ4MzEy
YTIiCmZsYXNoSUM6J0FjdGlvbkNvbnRyb2xsZXI6OkZsYXNoOjpGbGFzaEhh
c2h7AAY6CkB1c2VkewA=--f73f432b245303721a15d667746e2664c69e3038
  Parameters: {"action"=>"thank_you", "controller"=>"mail_to_mboxes"}
Rendering mail_to_mboxes/thank_you
Completed in 0.00380 (262 reqs/sec) | Rendering: 0.00096 (25%) | 200 OK [http://localhost/mail_to_mbox/thank_you]
Sent mail to test.wen@gmail.com

From: no-reply@example.com
To: test.wen@gmail.com
Subject: Your email archive download link
Mime-Version: 1.0
Content-Type: text/plain; charset=utf-8

Your email has been archived. you can download you email archive in mbox form at http://localhost:3000/download/930589829-819763531


Processing MailToMboxesController#create (for 127.0.0.1 at 2008-09-02 17:26:00) [POST]
  Session ID: BAh7BzoMY3NyZl9pZCIlNzk5OGRlMmJlNWJiN2VlZjhhZDgyNTIyYWQ4MzEy
YTIiCmZsYXNoSUM6J0FjdGlvbkNvbnRyb2xsZXI6OkZsYXNoOjpGbGFzaEhh
c2h7AAY6CkB1c2VkewA=--f73f432b245303721a15d667746e2664c69e3038
  Parameters: {"commit"=>"Get my emails", "account"=>{"ssl"=>"1", "username"=>"test.wen", "port"=>"995", "server"=>"pop.gmail.com", "password"=>"p@s5w0rd", "email_address"=>"test.wen@gmail.com"}, "authenticity_token"=>"37281f12cf3600a696b28cf59e339c81cf1d7a21", "action"=>"create", "controller"=>"mail_to_mboxes"}
Redirected to http://localhost:3000/mail_to_mbox/thank_you
Completed in 1.11721 (0 reqs/sec) | 302 Found [http://localhost/mail_to_mbox]


Processing MailToMboxesController#thank_you (for 127.0.0.1 at 2008-09-02 17:26:01) [GET]
  Session ID: BAh7BzoMY3NyZl9pZCIlNzk5OGRlMmJlNWJiN2VlZjhhZDgyNTIyYWQ4MzEy
YTIiCmZsYXNoSUM6J0FjdGlvbkNvbnRyb2xsZXI6OkZsYXNoOjpGbGFzaEhh
c2h7AAY6CkB1c2VkewA=--f73f432b245303721a15d667746e2664c69e3038
  Parameters: {"action"=>"thank_you", "controller"=>"mail_to_mboxes"}
Rendering mail_to_mboxes/thank_you
Completed in 0.00646 (154 reqs/sec) | Rendering: 0.00209 (32%) | 200 OK [http://localhost/mail_to_mbox/thank_you]
Sent mail to test.wen@gmail.com

From: no-reply@example.com
To: test.wen@gmail.com
Subject: Your email archive download link
Mime-Version: 1.0
Content-Type: text/plain; charset=utf-8

Your email has been archived. you can download you email archive in mbox form at http://localhost:3000/download/930589829-811243857
